<?xml version="1.0" encoding="UTF-8"?>
<!-- Generated by org.testng.reporters.JUnitXMLReporter -->
<testsuite hostname="ICPL11605" name="Chrome-Test" tests="1" failures="0" timestamp="25 Jan 2018 10:25:57 GMT" time="0.043" errors="0">
  <testcase name="@BeforeClass browserconfig" time="0.0" classname="com.infoStretch.Infostretch.MultiBrowser">
    <failure type="java.lang.NoClassDefFoundError" message="com/google/common/base/Function">
      <![CDATA[java.lang.NoClassDefFoundError: com/google/common/base/Function
	at com.infoStretch.Infostretch.MultiBrowser.browserconfig(MultiBrowser.java:25)
Caused by: java.lang.ClassNotFoundException: com.google.common.base.Function
	at java.net.URLClassLoader.findClass(Unknown Source)
	at java.lang.ClassLoader.loadClass(Unknown Source)
	at sun.misc.Launcher$AppClassLoader.loadClass(Unknown Source)
	at java.lang.ClassLoader.loadClass(Unknown Source)
	... 25 more
... Removed 24 stack frames]]>
    </failure>
  </testcase> <!-- @BeforeClass browserconfig -->
  <testcase name="@AfterClass afterTest" time="0.0" classname="com.infoStretch.Infostretch.MultiBrowser">
    <skipped/>
  </testcase> <!-- @AfterClass afterTest -->
  <testcase name="login" time="0.002" classname="com.infoStretch.Infostretch.MultiBrowser">
    <skipped/>
  </testcase> <!-- login -->
</testsuite> <!-- Chrome-Test -->
