<?xml version="1.0" encoding="UTF-8"?>
<!-- Generated by org.testng.reporters.JUnitXMLReporter -->
<testsuite hostname="ICPL11605" name="EdgeTest" tests="1" failures="0" timestamp="25 Jan 2018 10:25:57 GMT" time="0.011" errors="0">
  <testcase name="@BeforeClass browserconfig" time="0.0" classname="com.infoStretch.Infostretch.MultiBrowser">
    <failure type="java.lang.NullPointerException">
      <![CDATA[java.lang.NullPointerException
	at com.infoStretch.Infostretch.MultiBrowser.browserconfig(MultiBrowser.java:36)
... Removed 24 stack frames]]>
    </failure>
  </testcase> <!-- @BeforeClass browserconfig -->
  <testcase name="@AfterClass afterTest" time="0.0" classname="com.infoStretch.Infostretch.MultiBrowser">
    <skipped/>
  </testcase> <!-- @AfterClass afterTest -->
  <testcase name="login" time="0.002" classname="com.infoStretch.Infostretch.MultiBrowser">
    <skipped/>
  </testcase> <!-- login -->
</testsuite> <!-- EdgeTest -->
