<?xml version="1.0" encoding="UTF-8"?>
<!-- Generated by org.testng.reporters.JUnitXMLReporter -->
<testsuite hostname="ICPL11605" name="FirefoxTest" tests="1" failures="0" timestamp="25 Jan 2018 09:57:23 GMT" time="0.039" errors="0">
  <testcase name="@BeforeClass beforeTest" time="0.0" classname="com.infoStretch.Infostretch.MultiBrowser">
    <failure type="java.lang.NullPointerException">
      <![CDATA[java.lang.NullPointerException
	at com.infoStretch.Infostretch.MultiBrowser.beforeTest(MultiBrowser.java:36)
... Removed 24 stack frames]]>
    </failure>
  </testcase> <!-- @BeforeClass beforeTest -->
  <testcase name="@AfterClass afterTest" time="0.0" classname="com.infoStretch.Infostretch.MultiBrowser">
    <skipped/>
  </testcase> <!-- @AfterClass afterTest -->
  <testcase name="login" time="0.002" classname="com.infoStretch.Infostretch.MultiBrowser">
    <skipped/>
  </testcase> <!-- login -->
</testsuite> <!-- FirefoxTest -->
