<?xml version="1.0" encoding="UTF-8"?>
<testng-results skipped="0" failed="0" total="1" passed="1">
  <reporter-output>
  </reporter-output>
  <suite name="Multiple browsers" duration-ms="13222" started-at="2018-04-04T10:27:56Z" finished-at="2018-04-04T10:28:09Z">
    <groups>
    </groups>
    <test name="Chrome-Test" duration-ms="13222" started-at="2018-04-04T10:27:56Z" finished-at="2018-04-04T10:28:09Z">
      <class name="com.icpl.infostretch.TestFlipkart">
        <test-method status="PASS" signature="browserconfig(java.lang.String)[pri:0, instance:com.icpl.infostretch.TestFlipkart@17c68925]" name="browserconfig" is-config="true" duration-ms="8772" started-at="2018-04-04T15:57:56Z" finished-at="2018-04-04T15:58:05Z">
          <params>
            <param index="0">
              <value>
                <![CDATA[chrome]]>
              </value>
            </param>
          </params>
          <reporter-output>
          </reporter-output>
        </test-method> <!-- browserconfig -->
        <test-method status="PASS" signature="flipkartlogin(java.lang.String, java.lang.String)[pri:0, instance:com.icpl.infostretch.TestFlipkart@17c68925]" name="flipkartlogin" duration-ms="607" started-at="2018-04-04T15:58:05Z" data-provider="UserAuthentication" finished-at="2018-04-04T15:58:05Z">
          <params>
            <param index="0">
              <value>
                <![CDATA[shubham0011@gmail.com]]>
              </value>
            </param>
            <param index="1">
              <value>
                <![CDATA[flipkart]]>
              </value>
            </param>
          </params>
          <reporter-output>
          </reporter-output>
        </test-method> <!-- flipkartlogin -->
        <test-method status="PASS" signature="closeBrowser()[pri:0, instance:com.icpl.infostretch.TestFlipkart@17c68925]" name="closeBrowser" is-config="true" duration-ms="3814" started-at="2018-04-04T15:58:05Z" finished-at="2018-04-04T15:58:09Z">
          <reporter-output>
          </reporter-output>
        </test-method> <!-- closeBrowser -->
      </class> <!-- com.icpl.infostretch.TestFlipkart -->
    </test> <!-- Chrome-Test -->
  </suite> <!-- Multiple browsers -->
</testng-results>
